-- The C compiler identification is GNU 11.4.0
-- The CXX compiler identification is GNU 11.4.0
-- Detecting C compiler ABI info
-- Detecting C compiler ABI info - done
-- Check for working C compiler: /usr/bin/cc - skipped
-- Detecting C compile features
-- Detecting C compile features - done
-- Detecting CXX compiler ABI info
-- Detecting CXX compiler ABI info - done
-- Check for working CXX compiler: /usr/bin/c++ - skipped
-- Detecting CXX compile features
-- Detecting CXX compile features - done
-- Found ament_cmake: 2.0.3 (/opt/ros/iron/share/ament_cmake/cmake)
-- Found Python3: /usr/bin/python3.10 (found version "3.10.12") found components: Interpreter 
-- Found rclcpp: 21.0.4 (/opt/ros/iron/share/rclcpp/cmake)
-- Found rosidl_generator_c: 4.0.1 (/opt/ros/iron/share/rosidl_generator_c/cmake)
-- Found rosidl_generator_cpp: 4.0.1 (/opt/ros/iron/share/rosidl_generator_cpp/cmake)
-- Using all available rosidl_typesupport_c: rosidl_typesupport_fastrtps_c;rosidl_typesupport_introspection_c
-- Using all available rosidl_typesupport_cpp: rosidl_typesupport_fastrtps_cpp;rosidl_typesupport_introspection_cpp
-- Found rmw_implementation_cmake: 7.1.0 (/opt/ros/iron/share/rmw_implementation_cmake/cmake)
-- Found rmw_fastrtps_cpp: 7.1.2 (/opt/ros/iron/share/rmw_fastrtps_cpp/cmake)
-- Found OpenSSL: /usr/lib/x86_64-linux-gnu/libcrypto.so (found version "3.0.2")  
-- Found FastRTPS: /opt/ros/iron/include  
-- Using RMW implementation 'rmw_fastrtps_cpp' as default
-- Found sensor_msgs: 5.0.0 (/opt/ros/iron/share/sensor_msgs/cmake)
-- Found tf2: 0.31.5 (/opt/ros/iron/share/tf2/cmake)
-- Found tf2_ros: 0.31.5 (/opt/ros/iron/share/tf2_ros/cmake)
-- Found nav_msgs: 5.0.0 (/opt/ros/iron/share/nav_msgs/cmake)
-- Found cv_bridge: 3.4.0 (/opt/ros/iron/share/cv_bridge/cmake)
-- Configuring done
-- Generating done
-- Build files have been written to: /home/welllab/Yicheng-Zeng/BUCKY_RL/mujoco/build/mujoco
[ 12%] [32mBuilding CXX object CMakeFiles/simulation.dir/src/MuJoCoMessageHandler.cpp.o[0m
[ 37%] [32mBuilding CXX object CMakeFiles/simulation.dir/src/glfw_dispatch.cc.o[0m
[ 37%] [32mBuilding CXX object CMakeFiles/simulation.dir/src/glfw_adapter.cc.o[0m
[ 50%] [32mBuilding CXX object CMakeFiles/simulation.dir/src/lodepng.cpp.o[0m
[ 62%] [32mBuilding CXX object CMakeFiles/simulation.dir/src/main.cc.o[0m
[ 75%] [32mBuilding CXX object CMakeFiles/simulation.dir/src/platform_ui_adapter.cc.o[0m
[ 87%] [32mBuilding CXX object CMakeFiles/simulation.dir/src/simulate.cc.o[0m
