[0.024s] Invoking command in '/home/welllab/Yicheng-Zeng/BUCKY_RL/mujoco/build/mujoco': CMAKE_PREFIX_PATH=/opt/ros/iron CONDA_PROMPT_MODIFIER=(base) /usr/bin/cmake /home/welllab/Yicheng-Zeng/BUCKY_RL/mujoco -DCMAKE_INSTALL_PREFIX=/home/welllab/Yicheng-Zeng/BUCKY_RL/mujoco/install/mujoco
[0.074s] -- The C compiler identification is GNU 11.4.0
[0.130s] -- The CXX compiler identification is GNU 11.4.0
[0.134s] -- Detecting C compiler ABI info
[0.199s] -- Detecting C compiler ABI info - done
[0.204s] -- Check for working C compiler: /usr/bin/cc - skipped
[0.204s] -- Detecting C compile features
[0.205s] -- Detecting C compile features - done
[0.207s] -- Detecting CXX compiler ABI info
[0.273s] -- Detecting CXX compiler ABI info - done
[0.277s] -- Check for working CXX compiler: /usr/bin/c++ - skipped
[0.277s] -- Detecting CXX compile features
[0.278s] -- Detecting CXX compile features - done
[0.279s] -- Found ament_cmake: 2.0.3 (/opt/ros/iron/share/ament_cmake/cmake)
[0.406s] -- Found Python3: /usr/bin/python3.10 (found version "3.10.12") found components: Interpreter 
[0.454s] -- Found rclcpp: 21.0.4 (/opt/ros/iron/share/rclcpp/cmake)
[0.474s] -- Found rosidl_generator_c: 4.0.1 (/opt/ros/iron/share/rosidl_generator_c/cmake)
[0.479s] -- Found rosidl_generator_cpp: 4.0.1 (/opt/ros/iron/share/rosidl_generator_cpp/cmake)
[0.487s] -- Using all available rosidl_typesupport_c: rosidl_typesupport_fastrtps_c;rosidl_typesupport_introspection_c
[0.496s] -- Using all available rosidl_typesupport_cpp: rosidl_typesupport_fastrtps_cpp;rosidl_typesupport_introspection_cpp
[0.580s] -- Found rmw_implementation_cmake: 7.1.0 (/opt/ros/iron/share/rmw_implementation_cmake/cmake)
[0.581s] -- Found rmw_fastrtps_cpp: 7.1.2 (/opt/ros/iron/share/rmw_fastrtps_cpp/cmake)
[0.655s] -- Found OpenSSL: /usr/lib/x86_64-linux-gnu/libcrypto.so (found version "3.0.2")  
[0.671s] -- Found FastRTPS: /opt/ros/iron/include  
[0.696s] -- Using RMW implementation 'rmw_fastrtps_cpp' as default
[0.781s] -- Found sensor_msgs: 5.0.0 (/opt/ros/iron/share/sensor_msgs/cmake)
[0.888s] -- Found tf2: 0.31.5 (/opt/ros/iron/share/tf2/cmake)
[0.895s] -- Found tf2_ros: 0.31.5 (/opt/ros/iron/share/tf2_ros/cmake)
[1.118s] -- Found nav_msgs: 5.0.0 (/opt/ros/iron/share/nav_msgs/cmake)
[1.181s] -- Found cv_bridge: 3.4.0 (/opt/ros/iron/share/cv_bridge/cmake)
[1.229s] -- Configuring done
[1.236s] -- Generating done
[1.237s] -- Build files have been written to: /home/welllab/Yicheng-Zeng/BUCKY_RL/mujoco/build/mujoco
[1.244s] Invoked command in '/home/welllab/Yicheng-Zeng/BUCKY_RL/mujoco/build/mujoco' returned '0': CMAKE_PREFIX_PATH=/opt/ros/iron CONDA_PROMPT_MODIFIER=(base) /usr/bin/cmake /home/welllab/Yicheng-Zeng/BUCKY_RL/mujoco -DCMAKE_INSTALL_PREFIX=/home/welllab/Yicheng-Zeng/BUCKY_RL/mujoco/install/mujoco
[1.244s] Invoking command in '/home/welllab/Yicheng-Zeng/BUCKY_RL/mujoco/build/mujoco': CMAKE_PREFIX_PATH=/opt/ros/iron CONDA_PROMPT_MODIFIER=(base) /usr/bin/cmake --build /home/welllab/Yicheng-Zeng/BUCKY_RL/mujoco/build/mujoco -- -j24 -l24
[1.290s] [ 12%] [32mBuilding CXX object CMakeFiles/simulation.dir/src/MuJoCoMessageHandler.cpp.o[0m
[1.290s] [ 37%] [32mBuilding CXX object CMakeFiles/simulation.dir/src/glfw_dispatch.cc.o[0m
[1.290s] [ 37%] [32mBuilding CXX object CMakeFiles/simulation.dir/src/glfw_adapter.cc.o[0m
[1.290s] [ 50%] [32mBuilding CXX object CMakeFiles/simulation.dir/src/lodepng.cpp.o[0m
[1.290s] [ 62%] [32mBuilding CXX object CMakeFiles/simulation.dir/src/main.cc.o[0m
[1.290s] [ 75%] [32mBuilding CXX object CMakeFiles/simulation.dir/src/platform_ui_adapter.cc.o[0m
[1.290s] [ 87%] [32mBuilding CXX object CMakeFiles/simulation.dir/src/simulate.cc.o[0m
[1.422s] In file included from [01m[K/home/welllab/Yicheng-Zeng/BUCKY_RL/mujoco/src/MuJoCoMessageHandler.cpp:3[m[K:
[1.422s] [01m[K/home/welllab/Yicheng-Zeng/BUCKY_RL/mujoco/include/MuJoCoMessageHandler.h:17:10:[m[K [01;31m[Kfatal error: [m[Kcommunication/msg/contact_force.hpp: No such file or directory
[1.422s]    17 | #include [01;31m[K"communication/msg/contact_force.hpp"[m[K
[1.422s]       |          [01;31m[K^~~~~~~~~~~~~~~~~~~~~~~~~~~~~~~~~~~~~[m[K
[1.422s] compilation terminated.
[1.424s] gmake[2]: *** [CMakeFiles/simulation.dir/build.make:76: CMakeFiles/simulation.dir/src/MuJoCoMessageHandler.cpp.o] Error 1
[1.424s] gmake[2]: *** Waiting for unfinished jobs....
[1.437s] In file included from [01m[K/home/welllab/Yicheng-Zeng/BUCKY_RL/mujoco/src/main.cc:24[m[K:
[1.437s] [01m[K/home/welllab/Yicheng-Zeng/BUCKY_RL/mujoco/include/MuJoCoMessageHandler.h:17:10:[m[K [01;31m[Kfatal error: [m[Kcommunication/msg/contact_force.hpp: No such file or directory
[1.437s]    17 | #include [01;31m[K"communication/msg/contact_force.hpp"[m[K
[1.438s]       |          [01;31m[K^~~~~~~~~~~~~~~~~~~~~~~~~~~~~~~~~~~~~[m[K
[1.438s] compilation terminated.
[1.448s] gmake[2]: *** [CMakeFiles/simulation.dir/build.make:132: CMakeFiles/simulation.dir/src/main.cc.o] Error 1
[1.763s] gmake[1]: *** [CMakeFiles/Makefile2:137: CMakeFiles/simulation.dir/all] Error 2
[1.764s] gmake: *** [Makefile:146: all] Error 2
[1.765s] Invoked command in '/home/welllab/Yicheng-Zeng/BUCKY_RL/mujoco/build/mujoco' returned '2': CMAKE_PREFIX_PATH=/opt/ros/iron CONDA_PROMPT_MODIFIER=(base) /usr/bin/cmake --build /home/welllab/Yicheng-Zeng/BUCKY_RL/mujoco/build/mujoco -- -j24 -l24
