[0.024s] Invoking command in '/home/welllab/Yicheng-Zeng/BUCKY_RL/mujoco/build/mujoco': CMAKE_PREFIX_PATH=/opt/ros/iron /usr/bin/cmake --build /home/welllab/Yicheng-Zeng/BUCKY_RL/mujoco/build/mujoco -- -j24 -l24
[0.040s] -- Found ament_cmake: 2.0.3 (/opt/ros/iron/share/ament_cmake/cmake)
[0.117s] -- Found rclcpp: 21.0.4 (/opt/ros/iron/share/rclcpp/cmake)
[0.131s] -- Found rosidl_generator_c: 4.0.1 (/opt/ros/iron/share/rosidl_generator_c/cmake)
[0.135s] -- Found rosidl_generator_cpp: 4.0.1 (/opt/ros/iron/share/rosidl_generator_cpp/cmake)
[0.141s] -- Using all available rosidl_typesupport_c: rosidl_typesupport_fastrtps_c;rosidl_typesupport_introspection_c
[0.149s] -- Using all available rosidl_typesupport_cpp: rosidl_typesupport_fastrtps_cpp;rosidl_typesupport_introspection_cpp
[0.226s] -- Found rmw_implementation_cmake: 7.1.0 (/opt/ros/iron/share/rmw_implementation_cmake/cmake)
[0.227s] -- Found rmw_fastrtps_cpp: 7.1.2 (/opt/ros/iron/share/rmw_fastrtps_cpp/cmake)
[0.288s] -- Using RMW implementation 'rmw_fastrtps_cpp' as default
[0.371s] -- Found sensor_msgs: 5.0.0 (/opt/ros/iron/share/sensor_msgs/cmake)
[0.482s] -- Configuring incomplete, errors occurred!
[0.482s] See also "/home/welllab/Yicheng-Zeng/BUCKY_RL/mujoco/build/mujoco/CMakeFiles/CMakeOutput.log".
[0.482s] [31mCMake Error at CMakeLists.txt:29 (find_package):
[0.482s]   By not providing "Findcommunication.cmake" in CMAKE_MODULE_PATH this
[0.482s]   project has asked CMake to find a package configuration file provided by
[0.482s]   "communication", but CMake did not find one.
[0.483s] 
[0.483s]   Could not find a package configuration file provided by "communication"
[0.483s]   with any of the following names:
[0.483s] 
[0.483s]     communicationConfig.cmake
[0.483s]     communication-config.cmake
[0.483s] 
[0.483s]   Add the installation prefix of "communication" to CMAKE_PREFIX_PATH or set
[0.483s]   "communication_DIR" to a directory containing one of the above files.  If
[0.483s]   "communication" provides a separate development package or SDK, be sure it
[0.483s]   has been installed.
[0.483s] 
[0.483s] [0m
[0.486s] gmake: *** [Makefile:429: cmake_check_build_system] Error 1
[0.488s] Invoked command in '/home/welllab/Yicheng-Zeng/BUCKY_RL/mujoco/build/mujoco' returned '2': CMAKE_PREFIX_PATH=/opt/ros/iron /usr/bin/cmake --build /home/welllab/Yicheng-Zeng/BUCKY_RL/mujoco/build/mujoco -- -j24 -l24
