[0.431s] DEBUG:colcon:Command line arguments: ['/usr/bin/colcon', 'build']
[0.431s] DEBUG:colcon:Parsed command line arguments: Namespace(log_base=None, log_level=None, verb_name='build', build_base='build', install_base='install', merge_install=False, symlink_install=False, test_result_base=None, continue_on_error=False, executor='parallel', parallel_workers=24, event_handlers=None, ignore_user_meta=False, metas=['./colcon.meta'], base_paths=['.'], packages_ignore=None, packages_ignore_regex=None, paths=None, packages_up_to=None, packages_up_to_regex=None, packages_above=None, packages_above_and_dependencies=None, packages_above_depth=None, packages_select_by_dep=None, packages_skip_by_dep=None, packages_skip_up_to=None, packages_select_build_failed=False, packages_skip_build_finished=False, packages_select_test_failures=False, packages_skip_test_passed=False, packages_select=None, packages_skip=None, packages_select_regex=None, packages_skip_regex=None, packages_start=None, packages_end=None, allow_overriding=[], cmake_args=None, cmake_target=None, cmake_target_skip_unavailable=False, cmake_clean_cache=False, cmake_clean_first=False, cmake_force_configure=False, ament_cmake_args=None, catkin_cmake_args=None, catkin_skip_building_tests=False, verb_parser=<colcon_defaults.argument_parser.defaults.DefaultArgumentsDecorator object at 0x7f984db390c0>, verb_extension=<colcon_core.verb.build.BuildVerb object at 0x7f984dabe170>, main=<bound method BuildVerb.main of <colcon_core.verb.build.BuildVerb object at 0x7f984dabe170>>)
[0.452s] Level 1:colcon.colcon_core.package_discovery:discover_packages(colcon_meta) check parameters
[0.452s] Level 1:colcon.colcon_core.package_discovery:discover_packages(recursive) check parameters
[0.452s] Level 1:colcon.colcon_core.package_discovery:discover_packages(ignore) check parameters
[0.452s] Level 1:colcon.colcon_core.package_discovery:discover_packages(path) check parameters
[0.452s] Level 1:colcon.colcon_core.package_discovery:discover_packages(colcon_meta) discover
[0.452s] Level 1:colcon.colcon_core.package_discovery:discover_packages(recursive) discover
[0.452s] INFO:colcon.colcon_core.package_discovery:Crawling recursively for packages in '/home/welllab/Yicheng-Zeng/BUCKY_RL/mujoco'
[0.452s] Level 1:colcon.colcon_core.package_identification:_identify(.) by extensions ['ignore', 'ignore_ament_install']
[0.452s] Level 1:colcon.colcon_core.package_identification:_identify(.) by extension 'ignore'
[0.452s] Level 1:colcon.colcon_core.package_identification:_identify(.) by extension 'ignore_ament_install'
[0.452s] Level 1:colcon.colcon_core.package_identification:_identify(.) by extensions ['colcon_pkg']
[0.452s] Level 1:colcon.colcon_core.package_identification:_identify(.) by extension 'colcon_pkg'
[0.452s] Level 1:colcon.colcon_core.package_identification:_identify(.) by extensions ['colcon_meta']
[0.452s] Level 1:colcon.colcon_core.package_identification:_identify(.) by extension 'colcon_meta'
[0.452s] Level 1:colcon.colcon_core.package_identification:_identify(.) by extensions ['ros']
[0.452s] Level 1:colcon.colcon_core.package_identification:_identify(.) by extension 'ros'
[0.459s] DEBUG:colcon.colcon_core.package_identification:Package '.' with type 'ros.ament_cmake' and name 'mujoco'
[0.459s] Level 1:colcon.colcon_core.package_discovery:discover_packages(recursive) using defaults
[0.459s] Level 1:colcon.colcon_core.package_discovery:discover_packages(ignore) discover
[0.459s] Level 1:colcon.colcon_core.package_discovery:discover_packages(ignore) using defaults
[0.459s] Level 1:colcon.colcon_core.package_discovery:discover_packages(path) discover
[0.459s] Level 1:colcon.colcon_core.package_discovery:discover_packages(path) using defaults
[0.499s] Level 1:colcon.colcon_core.package_discovery:discover_packages(prefix_path) check parameters
[0.500s] Level 1:colcon.colcon_core.package_discovery:discover_packages(prefix_path) discover
[0.513s] DEBUG:colcon.colcon_installed_package_information.package_discovery:Found 281 installed packages in /opt/ros/iron
[0.513s] Level 1:colcon.colcon_core.package_discovery:discover_packages(prefix_path) using defaults
[0.554s] Level 5:colcon.colcon_core.verb:set package 'mujoco' build argument 'cmake_args' from command line to 'None'
[0.554s] Level 5:colcon.colcon_core.verb:set package 'mujoco' build argument 'cmake_target' from command line to 'None'
[0.554s] Level 5:colcon.colcon_core.verb:set package 'mujoco' build argument 'cmake_target_skip_unavailable' from command line to 'False'
[0.554s] Level 5:colcon.colcon_core.verb:set package 'mujoco' build argument 'cmake_clean_cache' from command line to 'False'
[0.554s] Level 5:colcon.colcon_core.verb:set package 'mujoco' build argument 'cmake_clean_first' from command line to 'False'
[0.554s] Level 5:colcon.colcon_core.verb:set package 'mujoco' build argument 'cmake_force_configure' from command line to 'False'
[0.554s] Level 5:colcon.colcon_core.verb:set package 'mujoco' build argument 'ament_cmake_args' from command line to 'None'
[0.554s] Level 5:colcon.colcon_core.verb:set package 'mujoco' build argument 'catkin_cmake_args' from command line to 'None'
[0.554s] Level 5:colcon.colcon_core.verb:set package 'mujoco' build argument 'catkin_skip_building_tests' from command line to 'False'
[0.554s] DEBUG:colcon.colcon_core.verb:Building package 'mujoco' with the following arguments: {'ament_cmake_args': None, 'build_base': '/home/welllab/Yicheng-Zeng/BUCKY_RL/mujoco/build/mujoco', 'catkin_cmake_args': None, 'catkin_skip_building_tests': False, 'cmake_args': None, 'cmake_clean_cache': False, 'cmake_clean_first': False, 'cmake_force_configure': False, 'cmake_target': None, 'cmake_target_skip_unavailable': False, 'install_base': '/home/welllab/Yicheng-Zeng/BUCKY_RL/mujoco/install/mujoco', 'merge_install': False, 'path': '/home/welllab/Yicheng-Zeng/BUCKY_RL/mujoco', 'symlink_install': False, 'test_result_base': None}
[0.561s] INFO:colcon.colcon_core.executor:Executing jobs using 'parallel' executor
[0.567s] DEBUG:colcon.colcon_parallel_executor.executor.parallel:run_until_complete
[0.567s] INFO:colcon.colcon_ros.task.ament_cmake.build:Building ROS package in '/home/welllab/Yicheng-Zeng/BUCKY_RL/mujoco' with build type 'ament_cmake'
[0.567s] INFO:colcon.colcon_cmake.task.cmake.build:Building CMake package in '/home/welllab/Yicheng-Zeng/BUCKY_RL/mujoco'
[0.574s] INFO:colcon.colcon_core.plugin_system:Skipping extension 'colcon_core.shell.bat': Not used on non-Windows systems
[0.574s] INFO:colcon.colcon_core.shell:Skip shell extension 'powershell' for command environment: Not usable outside of PowerShell
[0.574s] DEBUG:colcon.colcon_core.shell:Skip shell extension 'dsv' for command environment
[0.592s] DEBUG:colcon.colcon_core.event_handler.log_command:Invoking command in '/home/welllab/Yicheng-Zeng/BUCKY_RL/mujoco/build/mujoco': CMAKE_PREFIX_PATH=/opt/ros/iron CONDA_PROMPT_MODIFIER=(base) /usr/bin/cmake --build /home/welllab/Yicheng-Zeng/BUCKY_RL/mujoco/build/mujoco -- -j24 -l24
[3.432s] DEBUG:colcon.colcon_core.event_handler.log_command:Invoked command in '/home/welllab/Yicheng-Zeng/BUCKY_RL/mujoco/build/mujoco' returned '2': CMAKE_PREFIX_PATH=/opt/ros/iron CONDA_PROMPT_MODIFIER=(base) /usr/bin/cmake --build /home/welllab/Yicheng-Zeng/BUCKY_RL/mujoco/build/mujoco -- -j24 -l24
[3.521s] Level 1:colcon.colcon_core.environment:create_environment_scripts_only(mujoco)
[3.533s] Level 1:colcon.colcon_core.environment:checking '/home/welllab/Yicheng-Zeng/BUCKY_RL/mujoco/install/mujoco' for CMake module files
[3.533s] Level 1:colcon.colcon_core.environment:checking '/home/welllab/Yicheng-Zeng/BUCKY_RL/mujoco/install/mujoco' for CMake config files
[3.533s] Level 1:colcon.colcon_core.environment:checking '/home/welllab/Yicheng-Zeng/BUCKY_RL/mujoco/install/mujoco/bin'
[3.533s] Level 1:colcon.colcon_core.environment:checking '/home/welllab/Yicheng-Zeng/BUCKY_RL/mujoco/install/mujoco/lib/pkgconfig/mujoco.pc'
[3.533s] Level 1:colcon.colcon_core.environment:checking '/home/welllab/Yicheng-Zeng/BUCKY_RL/mujoco/install/mujoco/lib/python3.10/site-packages'
[3.534s] Level 1:colcon.colcon_core.environment:checking '/home/welllab/Yicheng-Zeng/BUCKY_RL/mujoco/install/mujoco/bin'
[3.540s] INFO:colcon.colcon_core.shell:Creating package script '/home/welllab/Yicheng-Zeng/BUCKY_RL/mujoco/install/mujoco/share/mujoco/package.ps1'
[3.540s] INFO:colcon.colcon_core.shell:Creating package descriptor '/home/welllab/Yicheng-Zeng/BUCKY_RL/mujoco/install/mujoco/share/mujoco/package.dsv'
[3.540s] INFO:colcon.colcon_core.shell:Creating package script '/home/welllab/Yicheng-Zeng/BUCKY_RL/mujoco/install/mujoco/share/mujoco/package.sh'
[3.541s] INFO:colcon.colcon_core.shell:Creating package script '/home/welllab/Yicheng-Zeng/BUCKY_RL/mujoco/install/mujoco/share/mujoco/package.bash'
[3.541s] INFO:colcon.colcon_core.shell:Creating package script '/home/welllab/Yicheng-Zeng/BUCKY_RL/mujoco/install/mujoco/share/mujoco/package.zsh'
[3.541s] Level 1:colcon.colcon_core.environment:create_file_with_runtime_dependencies(/home/welllab/Yicheng-Zeng/BUCKY_RL/mujoco/install/mujoco/share/colcon-core/packages/mujoco)
[3.552s] DEBUG:colcon.colcon_parallel_executor.executor.parallel:closing loop
[3.552s] DEBUG:colcon.colcon_parallel_executor.executor.parallel:loop closed
[3.552s] DEBUG:colcon.colcon_parallel_executor.executor.parallel:run_until_complete finished with '2'
[3.552s] DEBUG:colcon.colcon_core.event_reactor:joining thread
[3.568s] INFO:colcon.colcon_core.plugin_system:Skipping extension 'colcon_notification.desktop_notification.terminal_notifier': Not used on non-Darwin systems
[3.568s] INFO:colcon.colcon_core.plugin_system:Skipping extension 'colcon_notification.desktop_notification.win32': Not used on non-Windows systems
[3.568s] INFO:colcon.colcon_notification.desktop_notification:Sending desktop notification using 'notify2'
[3.576s] DEBUG:colcon.colcon_core.event_reactor:joined thread
[3.590s] INFO:colcon.colcon_core.shell:Creating prefix script '/home/welllab/Yicheng-Zeng/BUCKY_RL/mujoco/install/local_setup.ps1'
[3.590s] INFO:colcon.colcon_core.shell:Creating prefix util module '/home/welllab/Yicheng-Zeng/BUCKY_RL/mujoco/install/_local_setup_util_ps1.py'
[3.591s] INFO:colcon.colcon_core.shell:Creating prefix chain script '/home/welllab/Yicheng-Zeng/BUCKY_RL/mujoco/install/setup.ps1'
[3.597s] INFO:colcon.colcon_core.shell:Creating prefix script '/home/welllab/Yicheng-Zeng/BUCKY_RL/mujoco/install/local_setup.sh'
[3.598s] INFO:colcon.colcon_core.shell:Creating prefix util module '/home/welllab/Yicheng-Zeng/BUCKY_RL/mujoco/install/_local_setup_util_sh.py'
[3.598s] INFO:colcon.colcon_core.shell:Creating prefix chain script '/home/welllab/Yicheng-Zeng/BUCKY_RL/mujoco/install/setup.sh'
[3.605s] INFO:colcon.colcon_core.shell:Creating prefix script '/home/welllab/Yicheng-Zeng/BUCKY_RL/mujoco/install/local_setup.bash'
[3.605s] INFO:colcon.colcon_core.shell:Creating prefix chain script '/home/welllab/Yicheng-Zeng/BUCKY_RL/mujoco/install/setup.bash'
[3.611s] INFO:colcon.colcon_core.shell:Creating prefix script '/home/welllab/Yicheng-Zeng/BUCKY_RL/mujoco/install/local_setup.zsh'
[3.612s] INFO:colcon.colcon_core.shell:Creating prefix chain script '/home/welllab/Yicheng-Zeng/BUCKY_RL/mujoco/install/setup.zsh'
