[0.025s] Invoking command in '/home/welllab/Yicheng-Zeng/BUCKY_RL/mujoco/build/mujoco': CMAKE_PREFIX_PATH=/opt/ros/iron /usr/bin/cmake --build /home/welllab/Yicheng-Zeng/BUCKY_RL/mujoco/build/mujoco -- -j24 -l24
[0.061s] [35m[1mConsolidate compiler generated dependencies of target simulation[0m
[0.077s] [ 12%] [32mBuilding CXX object CMakeFiles/simulation.dir/src/MuJoCoMessageHandler.cpp.o[0m
[0.077s] [ 25%] [32mBuilding CXX object CMakeFiles/simulation.dir/src/main.cc.o[0m
[0.213s] In file included from [01m[K/home/welllab/Yicheng-Zeng/BUCKY_RL/mujoco/src/MuJoCoMessageHandler.cpp:3[m[K:
[0.213s] [01m[K/home/welllab/Yicheng-Zeng/BUCKY_RL/mujoco/include/MuJoCoMessageHandler.h:20:10:[m[K [01;31m[Kfatal error: [m[Kcommunication/msg/ContactForce.hpp: No such file or directory
[0.213s]    20 | #include [01;31m[K"communication/msg/ContactForce.hpp"[m[K
[0.213s]       |          [01;31m[K^~~~~~~~~~~~~~~~~~~~~~~~~~~~~~~~~~~~[m[K
[0.213s] compilation terminated.
[0.221s] In file included from [01m[K/home/welllab/Yicheng-Zeng/BUCKY_RL/mujoco/src/main.cc:24[m[K:
[0.221s] [01m[K/home/welllab/Yicheng-Zeng/BUCKY_RL/mujoco/include/MuJoCoMessageHandler.h:20:10:[m[K [01;31m[Kfatal error: [m[Kcommunication/msg/ContactForce.hpp: No such file or directory
[0.221s]    20 | #include [01;31m[K"communication/msg/ContactForce.hpp"[m[K
[0.221s]       |          [01;31m[K^~~~~~~~~~~~~~~~~~~~~~~~~~~~~~~~~~~~[m[K
[0.221s] compilation terminated.
[0.223s] gmake[2]: *** [CMakeFiles/simulation.dir/build.make:132: CMakeFiles/simulation.dir/src/main.cc.o] Error 1
[0.223s] gmake[2]: *** Waiting for unfinished jobs....
[0.223s] gmake[2]: *** [CMakeFiles/simulation.dir/build.make:76: CMakeFiles/simulation.dir/src/MuJoCoMessageHandler.cpp.o] Error 1
[0.223s] gmake[1]: *** [CMakeFiles/Makefile2:137: CMakeFiles/simulation.dir/all] Error 2
[0.224s] gmake: *** [Makefile:146: all] Error 2
[0.225s] Invoked command in '/home/welllab/Yicheng-Zeng/BUCKY_RL/mujoco/build/mujoco' returned '2': CMAKE_PREFIX_PATH=/opt/ros/iron /usr/bin/cmake --build /home/welllab/Yicheng-Zeng/BUCKY_RL/mujoco/build/mujoco -- -j24 -l24
